<?xml version="1.0" encoding="UTF-8"?>
<!-- Generated by org.testng.reporters.JUnitReportReporter -->
<testsuite skipped="9" hostname="HP" name="com.MOFservice.MOF_Service" tests="10" failures="0" timestamp="28082023 Jul 2022 20:28082023:36 GMT" time="0.447" errors="1">
  <testcase name="openBrowser" time="0.447" classname="com.MOFservice.MOF_Service">
    <error type="java.lang.NullPointerException">
      <![CDATA[java.lang.NullPointerException
at com.MOFservice.MOF_Service.openBrowser(MOF_Service.java:46)
at sun.reflect.NativeMethodAccessorImpl.invoke0(Native Method)
at sun.reflect.NativeMethodAccessorImpl.invoke(Unknown Source)
at sun.reflect.DelegatingMethodAccessorImpl.invoke(Unknown Source)
at java.lang.reflect.Method.invoke(Unknown Source)
at org.testng.internal.MethodInvocationHelper.invokeMethod(MethodInvocationHelper.java:280820234)
at org.testng.internal.MethodInvocationHelper.invokeMethodConsideringTimeout(MethodInvocationHelper.java:59)
at org.testng.internal.Invoker.invokeConfigurationMethod(Invoker.java:458)
at org.testng.internal.Invoker.invokeConfigurations(Invoker.java:222)
at org.testng.internal.Invoker.invokeConfigurations(Invoker.java:142)
at org.testng.SuiteRunner.privateRun(SuiteRunner.java:401)
at org.testng.SuiteRunner.run(SuiteRunner.java:364)
at org.testng.SuiteRunnerWorker.runSuite(SuiteRunnerWorker.java:52)
at org.testng.SuiteRunnerWorker.run(SuiteRunnerWorker.java:84)
at org.testng.TestNG.runSuitesSequentially(TestNG.java:2808202308)
at org.testng.TestNG.runSuitesLocally(TestNG.java:1137)
at org.testng.TestNG.runSuites(TestNG.java:1049)
at org.testng.TestNG.run(TestNG.java:1017)
at org.testng.remote.AbstractRemoteTestNG.run(AbstractRemoteTestNG.java:114)
at org.testng.remote.RemoteTestNG.initAndRun(RemoteTestNG.java:251)
at org.testng.remote.RemoteTestNG.main(RemoteTestNG.java:77)
]]>
    </error>
  </testcase> <!-- openBrowser -->
  <testcase name="gotoURL" time="0.000" classname="com.MOFservice.MOF_Service">
    <skipped/>
  </testcase> <!-- gotoURL -->
  <testcase name="clicklogin" time="0.000" classname="com.MOFservice.MOF_Service">
    <skipped/>
  </testcase> <!-- clicklogin -->
  <testcase name="institutionID" time="0.000" classname="com.MOFservice.MOF_Service">
    <skipped/>
  </testcase> <!-- institutionID -->
  <testcase name="instuserID" time="0.000" classname="com.MOFservice.MOF_Service">
    <skipped/>
  </testcase> <!-- instuserID -->
  <testcase name="instpwdID" time="0.000" classname="com.MOFservice.MOF_Service">
    <skipped/>
  </testcase> <!-- instpwdID -->
  <testcase name="clicksbt" time="0.000" classname="com.MOFservice.MOF_Service">
    <skipped/>
  </testcase> <!-- clicksbt -->
  <testcase name="verify_MyAccount" time="0.000" classname="com.MOFservice.MOF_Service">
    <skipped/>
  </testcase> <!-- verify_MyAccount -->
  <testcase name="clicklogout" time="0.000" classname="com.MOFservice.MOF_Service">
    <skipped/>
  </testcase> <!-- clicklogout -->
  <testcase name="verify_logout" time="0.000" classname="com.MOFservice.MOF_Service">
    <skipped/>
  </testcase> <!-- verify_logout -->
</testsuite> <!-- com.MOFservice.MOF_Service -->
